$basis.indices.aims
# amount of basis functions used:   2173
# fn.   type   at.   n   l   m
    1 atomic     1   1   0   0
    2 hydro      1   3   0   0
    3 atomic     1   2   0   0
    4 atomic     1   2   1  -1
    5 atomic     1   2   1   0
    6 atomic     1   2   1   1
    7 hydro      1   2   1  -1
    8 hydro      1   2   1   0
    9 hydro      1   2   1   1
   10 hydro      1   3   2  -2
   11 hydro      1   3   2  -1
   12 hydro      1   3   2   0
   13 hydro      1   3   2   1
   14 hydro      1   3   2   2
   15 atomic     2   1   0   0
   16 hydro      2   2   0   0
   17 atomic     2   2   0   0
   18 atomic     2   2   1  -1
   19 atomic     2   2   1   0
   20 atomic     2   2   1   1
   21 hydro      2   2   1  -1
   22 hydro      2   2   1   0
   23 hydro      2   2   1   1
   24 hydro      2   3   2  -2
   25 hydro      2   3   2  -1
   26 hydro      2   3   2   0
   27 hydro      2   3   2   1
   28 hydro      2   3   2   2
   29 atomic     3   1   0   0
   30 hydro      3   2   0   0
   31 atomic     3   2   0   0
   32 atomic     3   2   1  -1
   33 atomic     3   2   1   0
   34 atomic     3   2   1   1
   35 hydro      3   2   1  -1
   36 hydro      3   2   1   0
   37 hydro      3   2   1   1
   38 hydro      3   3   2  -2
   39 hydro      3   3   2  -1
   40 hydro      3   3   2   0
   41 hydro      3   3   2   1
   42 hydro      3   3   2   2
   43 atomic     4   1   0   0
   44 hydro      4   2   0   0
   45 atomic     4   2   0   0
   46 atomic     4   2   1  -1
   47 atomic     4   2   1   0
   48 atomic     4   2   1   1
   49 hydro      4   2   1  -1
   50 hydro      4   2   1   0
   51 hydro      4   2   1   1
   52 hydro      4   3   2  -2
   53 hydro      4   3   2  -1
   54 hydro      4   3   2   0
   55 hydro      4   3   2   1
   56 hydro      4   3   2   2
   57 atomic     5   1   0   0
   58 hydro      5   3   0   0
   59 atomic     5   2   0   0
   60 atomic     5   2   1  -1
   61 atomic     5   2   1   0
   62 atomic     5   2   1   1
   63 hydro      5   2   1  -1
   64 hydro      5   2   1   0
   65 hydro      5   2   1   1
   66 hydro      5   3   2  -2
   67 hydro      5   3   2  -1
   68 hydro      5   3   2   0
   69 hydro      5   3   2   1
   70 hydro      5   3   2   2
   71 atomic     6   1   0   0
   72 hydro      6   2   0   0
   73 hydro      6   2   1  -1
   74 hydro      6   2   1   0
   75 hydro      6   2   1   1
   76 atomic     7   1   0   0
   77 hydro      7   2   0   0
   78 hydro      7   2   1  -1
   79 hydro      7   2   1   0
   80 hydro      7   2   1   1
   81 atomic     8   1   0   0
   82 hydro      8   2   0   0
   83 atomic     8   2   0   0
   84 atomic     8   2   1  -1
   85 atomic     8   2   1   0
   86 atomic     8   2   1   1
   87 hydro      8   2   1  -1
   88 hydro      8   2   1   0
   89 hydro      8   2   1   1
   90 hydro      8   3   2  -2
   91 hydro      8   3   2  -1
   92 hydro      8   3   2   0
   93 hydro      8   3   2   1
   94 hydro      8   3   2   2
   95 atomic     9   1   0   0
   96 hydro      9   2   0   0
   97 hydro      9   2   1  -1
   98 hydro      9   2   1   0
   99 hydro      9   2   1   1
  100 atomic    10   1   0   0
  101 hydro     10   2   0   0
  102 hydro     10   2   1  -1
  103 hydro     10   2   1   0
  104 hydro     10   2   1   1
  105 atomic    11   1   0   0
  106 hydro     11   2   0   0
  107 atomic    11   2   0   0
  108 atomic    11   2   1  -1
  109 atomic    11   2   1   0
  110 atomic    11   2   1   1
  111 hydro     11   2   1  -1
  112 hydro     11   2   1   0
  113 hydro     11   2   1   1
  114 hydro     11   3   2  -2
  115 hydro     11   3   2  -1
  116 hydro     11   3   2   0
  117 hydro     11   3   2   1
  118 hydro     11   3   2   2
  119 atomic    12   1   0   0
  120 hydro     12   2   0   0
  121 hydro     12   2   1  -1
  122 hydro     12   2   1   0
  123 hydro     12   2   1   1
  124 atomic    13   1   0   0
  125 hydro     13   2   0   0
  126 hydro     13   2   1  -1
  127 hydro     13   2   1   0
  128 hydro     13   2   1   1
  129 atomic    14   1   0   0
  130 hydro     14   3   0   0
  131 atomic    14   2   0   0
  132 atomic    14   2   1  -1
  133 atomic    14   2   1   0
  134 atomic    14   2   1   1
  135 hydro     14   2   1  -1
  136 hydro     14   2   1   0
  137 hydro     14   2   1   1
  138 hydro     14   3   2  -2
  139 hydro     14   3   2  -1
  140 hydro     14   3   2   0
  141 hydro     14   3   2   1
  142 hydro     14   3   2   2
  143 atomic    15   1   0   0
  144 hydro     15   2   0   0
  145 hydro     15   2   1  -1
  146 hydro     15   2   1   0
  147 hydro     15   2   1   1
  148 atomic    16   1   0   0
  149 hydro     16   2   0   0
  150 hydro     16   2   1  -1
  151 hydro     16   2   1   0
  152 hydro     16   2   1   1
  153 atomic    17   1   0   0
  154 hydro     17   2   0   0
  155 hydro     17   2   1  -1
  156 hydro     17   2   1   0
  157 hydro     17   2   1   1
  158 atomic    18   1   0   0
  159 atomic    18   2   0   0
  160 atomic    18   3   0   0
  161 atomic    18   4   0   0
  162 atomic    18   5   0   0
  163 ionic     18   6   0   0
  164 atomic    18   6   0   0
  165 atomic    18   2   1  -1
  166 atomic    18   2   1   0
  167 atomic    18   2   1   1
  168 atomic    18   3   1  -1
  169 atomic    18   3   1   0
  170 atomic    18   3   1   1
  171 atomic    18   4   1  -1
  172 atomic    18   4   1   0
  173 atomic    18   4   1   1
  174 atomic    18   5   1  -1
  175 atomic    18   5   1   0
  176 atomic    18   5   1   1
  177 ionic     18   6   1  -1
  178 ionic     18   6   1   0
  179 ionic     18   6   1   1
  180 atomic    18   3   2  -2
  181 atomic    18   3   2  -1
  182 atomic    18   3   2   0
  183 atomic    18   3   2   1
  184 atomic    18   3   2   2
  185 atomic    18   4   2  -2
  186 atomic    18   4   2  -1
  187 atomic    18   4   2   0
  188 atomic    18   4   2   1
  189 atomic    18   4   2   2
  190 atomic    18   5   2  -2
  191 atomic    18   5   2  -1
  192 atomic    18   5   2   0
  193 atomic    18   5   2   1
  194 atomic    18   5   2   2
  195 hydro     18   3   2  -2
  196 hydro     18   3   2  -1
  197 hydro     18   3   2   0
  198 hydro     18   3   2   1
  199 hydro     18   3   2   2
  200 atomic    18   4   3  -3
  201 atomic    18   4   3  -2
  202 atomic    18   4   3  -1
  203 atomic    18   4   3   0
  204 atomic    18   4   3   1
  205 atomic    18   4   3   2
  206 atomic    18   4   3   3
  207 hydro     18   4   3  -3
  208 hydro     18   4   3  -2
  209 hydro     18   4   3  -1
  210 hydro     18   4   3   0
  211 hydro     18   4   3   1
  212 hydro     18   4   3   2
  213 hydro     18   4   3   3
  214 atomic    19   1   0   0
  215 atomic    19   2   0   0
  216 atomic    19   3   0   0
  217 atomic    19   4   0   0
  218 atomic    19   5   0   0
  219 ionic     19   6   0   0
  220 atomic    19   6   0   0
  221 atomic    19   2   1  -1
  222 atomic    19   2   1   0
  223 atomic    19   2   1   1
  224 atomic    19   3   1  -1
  225 atomic    19   3   1   0
  226 atomic    19   3   1   1
  227 atomic    19   4   1  -1
  228 atomic    19   4   1   0
  229 atomic    19   4   1   1
  230 atomic    19   5   1  -1
  231 atomic    19   5   1   0
  232 atomic    19   5   1   1
  233 ionic     19   6   1  -1
  234 ionic     19   6   1   0
  235 ionic     19   6   1   1
  236 atomic    19   3   2  -2
  237 atomic    19   3   2  -1
  238 atomic    19   3   2   0
  239 atomic    19   3   2   1
  240 atomic    19   3   2   2
  241 atomic    19   4   2  -2
  242 atomic    19   4   2  -1
  243 atomic    19   4   2   0
  244 atomic    19   4   2   1
  245 atomic    19   4   2   2
  246 atomic    19   5   2  -2
  247 atomic    19   5   2  -1
  248 atomic    19   5   2   0
  249 atomic    19   5   2   1
  250 atomic    19   5   2   2
  251 hydro     19   3   2  -2
  252 hydro     19   3   2  -1
  253 hydro     19   3   2   0
  254 hydro     19   3   2   1
  255 hydro     19   3   2   2
  256 atomic    19   4   3  -3
  257 atomic    19   4   3  -2
  258 atomic    19   4   3  -1
  259 atomic    19   4   3   0
  260 atomic    19   4   3   1
  261 atomic    19   4   3   2
  262 atomic    19   4   3   3
  263 hydro     19   4   3  -3
  264 hydro     19   4   3  -2
  265 hydro     19   4   3  -1
  266 hydro     19   4   3   0
  267 hydro     19   4   3   1
  268 hydro     19   4   3   2
  269 hydro     19   4   3   3
  270 atomic    20   1   0   0
  271 atomic    20   2   0   0
  272 atomic    20   3   0   0
  273 atomic    20   4   0   0
  274 atomic    20   5   0   0
  275 ionic     20   6   0   0
  276 atomic    20   6   0   0
  277 atomic    20   2   1  -1
  278 atomic    20   2   1   0
  279 atomic    20   2   1   1
  280 atomic    20   3   1  -1
  281 atomic    20   3   1   0
  282 atomic    20   3   1   1
  283 atomic    20   4   1  -1
  284 atomic    20   4   1   0
  285 atomic    20   4   1   1
  286 atomic    20   5   1  -1
  287 atomic    20   5   1   0
  288 atomic    20   5   1   1
  289 ionic     20   6   1  -1
  290 ionic     20   6   1   0
  291 ionic     20   6   1   1
  292 atomic    20   3   2  -2
  293 atomic    20   3   2  -1
  294 atomic    20   3   2   0
  295 atomic    20   3   2   1
  296 atomic    20   3   2   2
  297 atomic    20   4   2  -2
  298 atomic    20   4   2  -1
  299 atomic    20   4   2   0
  300 atomic    20   4   2   1
  301 atomic    20   4   2   2
  302 atomic    20   5   2  -2
  303 atomic    20   5   2  -1
  304 atomic    20   5   2   0
  305 atomic    20   5   2   1
  306 atomic    20   5   2   2
  307 hydro     20   3   2  -2
  308 hydro     20   3   2  -1
  309 hydro     20   3   2   0
  310 hydro     20   3   2   1
  311 hydro     20   3   2   2
  312 atomic    20   4   3  -3
  313 atomic    20   4   3  -2
  314 atomic    20   4   3  -1
  315 atomic    20   4   3   0
  316 atomic    20   4   3   1
  317 atomic    20   4   3   2
  318 atomic    20   4   3   3
  319 hydro     20   4   3  -3
  320 hydro     20   4   3  -2
  321 hydro     20   4   3  -1
  322 hydro     20   4   3   0
  323 hydro     20   4   3   1
  324 hydro     20   4   3   2
  325 hydro     20   4   3   3
  326 atomic    21   1   0   0
  327 atomic    21   2   0   0
  328 atomic    21   3   0   0
  329 atomic    21   4   0   0
  330 atomic    21   5   0   0
  331 ionic     21   6   0   0
  332 atomic    21   6   0   0
  333 atomic    21   2   1  -1
  334 atomic    21   2   1   0
  335 atomic    21   2   1   1
  336 atomic    21   3   1  -1
  337 atomic    21   3   1   0
  338 atomic    21   3   1   1
  339 atomic    21   4   1  -1
  340 atomic    21   4   1   0
  341 atomic    21   4   1   1
  342 atomic    21   5   1  -1
  343 atomic    21   5   1   0
  344 atomic    21   5   1   1
  345 ionic     21   6   1  -1
  346 ionic     21   6   1   0
  347 ionic     21   6   1   1
  348 atomic    21   3   2  -2
  349 atomic    21   3   2  -1
  350 atomic    21   3   2   0
  351 atomic    21   3   2   1
  352 atomic    21   3   2   2
  353 atomic    21   4   2  -2
  354 atomic    21   4   2  -1
  355 atomic    21   4   2   0
  356 atomic    21   4   2   1
  357 atomic    21   4   2   2
  358 atomic    21   5   2  -2
  359 atomic    21   5   2  -1
  360 atomic    21   5   2   0
  361 atomic    21   5   2   1
  362 atomic    21   5   2   2
  363 hydro     21   3   2  -2
  364 hydro     21   3   2  -1
  365 hydro     21   3   2   0
  366 hydro     21   3   2   1
  367 hydro     21   3   2   2
  368 atomic    21   4   3  -3
  369 atomic    21   4   3  -2
  370 atomic    21   4   3  -1
  371 atomic    21   4   3   0
  372 atomic    21   4   3   1
  373 atomic    21   4   3   2
  374 atomic    21   4   3   3
  375 hydro     21   4   3  -3
  376 hydro     21   4   3  -2
  377 hydro     21   4   3  -1
  378 hydro     21   4   3   0
  379 hydro     21   4   3   1
  380 hydro     21   4   3   2
  381 hydro     21   4   3   3
  382 atomic    22   1   0   0
  383 atomic    22   2   0   0
  384 atomic    22   3   0   0
  385 atomic    22   4   0   0
  386 atomic    22   5   0   0
  387 ionic     22   6   0   0
  388 atomic    22   6   0   0
  389 atomic    22   2   1  -1
  390 atomic    22   2   1   0
  391 atomic    22   2   1   1
  392 atomic    22   3   1  -1
  393 atomic    22   3   1   0
  394 atomic    22   3   1   1
  395 atomic    22   4   1  -1
  396 atomic    22   4   1   0
  397 atomic    22   4   1   1
  398 atomic    22   5   1  -1
  399 atomic    22   5   1   0
  400 atomic    22   5   1   1
  401 ionic     22   6   1  -1
  402 ionic     22   6   1   0
  403 ionic     22   6   1   1
  404 atomic    22   3   2  -2
  405 atomic    22   3   2  -1
  406 atomic    22   3   2   0
  407 atomic    22   3   2   1
  408 atomic    22   3   2   2
  409 atomic    22   4   2  -2
  410 atomic    22   4   2  -1
  411 atomic    22   4   2   0
  412 atomic    22   4   2   1
  413 atomic    22   4   2   2
  414 atomic    22   5   2  -2
  415 atomic    22   5   2  -1
  416 atomic    22   5   2   0
  417 atomic    22   5   2   1
  418 atomic    22   5   2   2
  419 hydro     22   3   2  -2
  420 hydro     22   3   2  -1
  421 hydro     22   3   2   0
  422 hydro     22   3   2   1
  423 hydro     22   3   2   2
  424 atomic    22   4   3  -3
  425 atomic    22   4   3  -2
  426 atomic    22   4   3  -1
  427 atomic    22   4   3   0
  428 atomic    22   4   3   1
  429 atomic    22   4   3   2
  430 atomic    22   4   3   3
  431 hydro     22   4   3  -3
  432 hydro     22   4   3  -2
  433 hydro     22   4   3  -1
  434 hydro     22   4   3   0
  435 hydro     22   4   3   1
  436 hydro     22   4   3   2
  437 hydro     22   4   3   3
  438 atomic    23   1   0   0
  439 atomic    23   2   0   0
  440 atomic    23   3   0   0
  441 atomic    23   4   0   0
  442 atomic    23   5   0   0
  443 ionic     23   6   0   0
  444 atomic    23   6   0   0
  445 atomic    23   2   1  -1
  446 atomic    23   2   1   0
  447 atomic    23   2   1   1
  448 atomic    23   3   1  -1
  449 atomic    23   3   1   0
  450 atomic    23   3   1   1
  451 atomic    23   4   1  -1
  452 atomic    23   4   1   0
  453 atomic    23   4   1   1
  454 atomic    23   5   1  -1
  455 atomic    23   5   1   0
  456 atomic    23   5   1   1
  457 ionic     23   6   1  -1
  458 ionic     23   6   1   0
  459 ionic     23   6   1   1
  460 atomic    23   3   2  -2
  461 atomic    23   3   2  -1
  462 atomic    23   3   2   0
  463 atomic    23   3   2   1
  464 atomic    23   3   2   2
  465 atomic    23   4   2  -2
  466 atomic    23   4   2  -1
  467 atomic    23   4   2   0
  468 atomic    23   4   2   1
  469 atomic    23   4   2   2
  470 atomic    23   5   2  -2
  471 atomic    23   5   2  -1
  472 atomic    23   5   2   0
  473 atomic    23   5   2   1
  474 atomic    23   5   2   2
  475 hydro     23   3   2  -2
  476 hydro     23   3   2  -1
  477 hydro     23   3   2   0
  478 hydro     23   3   2   1
  479 hydro     23   3   2   2
  480 atomic    23   4   3  -3
  481 atomic    23   4   3  -2
  482 atomic    23   4   3  -1
  483 atomic    23   4   3   0
  484 atomic    23   4   3   1
  485 atomic    23   4   3   2
  486 atomic    23   4   3   3
  487 hydro     23   4   3  -3
  488 hydro     23   4   3  -2
  489 hydro     23   4   3  -1
  490 hydro     23   4   3   0
  491 hydro     23   4   3   1
  492 hydro     23   4   3   2
  493 hydro     23   4   3   3
  494 atomic    24   1   0   0
  495 atomic    24   2   0   0
  496 atomic    24   3   0   0
  497 atomic    24   4   0   0
  498 atomic    24   5   0   0
  499 ionic     24   6   0   0
  500 atomic    24   6   0   0
  501 atomic    24   2   1  -1
  502 atomic    24   2   1   0
  503 atomic    24   2   1   1
  504 atomic    24   3   1  -1
  505 atomic    24   3   1   0
  506 atomic    24   3   1   1
  507 atomic    24   4   1  -1
  508 atomic    24   4   1   0
  509 atomic    24   4   1   1
  510 atomic    24   5   1  -1
  511 atomic    24   5   1   0
  512 atomic    24   5   1   1
  513 ionic     24   6   1  -1
  514 ionic     24   6   1   0
  515 ionic     24   6   1   1
  516 atomic    24   3   2  -2
  517 atomic    24   3   2  -1
  518 atomic    24   3   2   0
  519 atomic    24   3   2   1
  520 atomic    24   3   2   2
  521 atomic    24   4   2  -2
  522 atomic    24   4   2  -1
  523 atomic    24   4   2   0
  524 atomic    24   4   2   1
  525 atomic    24   4   2   2
  526 atomic    24   5   2  -2
  527 atomic    24   5   2  -1
  528 atomic    24   5   2   0
  529 atomic    24   5   2   1
  530 atomic    24   5   2   2
  531 hydro     24   3   2  -2
  532 hydro     24   3   2  -1
  533 hydro     24   3   2   0
  534 hydro     24   3   2   1
  535 hydro     24   3   2   2
  536 atomic    24   4   3  -3
  537 atomic    24   4   3  -2
  538 atomic    24   4   3  -1
  539 atomic    24   4   3   0
  540 atomic    24   4   3   1
  541 atomic    24   4   3   2
  542 atomic    24   4   3   3
  543 hydro     24   4   3  -3
  544 hydro     24   4   3  -2
  545 hydro     24   4   3  -1
  546 hydro     24   4   3   0
  547 hydro     24   4   3   1
  548 hydro     24   4   3   2
  549 hydro     24   4   3   3
  550 atomic    25   1   0   0
  551 atomic    25   2   0   0
  552 atomic    25   3   0   0
  553 atomic    25   4   0   0
  554 atomic    25   5   0   0
  555 ionic     25   6   0   0
  556 atomic    25   6   0   0
  557 atomic    25   2   1  -1
  558 atomic    25   2   1   0
  559 atomic    25   2   1   1
  560 atomic    25   3   1  -1
  561 atomic    25   3   1   0
  562 atomic    25   3   1   1
  563 atomic    25   4   1  -1
  564 atomic    25   4   1   0
  565 atomic    25   4   1   1
  566 atomic    25   5   1  -1
  567 atomic    25   5   1   0
  568 atomic    25   5   1   1
  569 ionic     25   6   1  -1
  570 ionic     25   6   1   0
  571 ionic     25   6   1   1
  572 atomic    25   3   2  -2
  573 atomic    25   3   2  -1
  574 atomic    25   3   2   0
  575 atomic    25   3   2   1
  576 atomic    25   3   2   2
  577 atomic    25   4   2  -2
  578 atomic    25   4   2  -1
  579 atomic    25   4   2   0
  580 atomic    25   4   2   1
  581 atomic    25   4   2   2
  582 atomic    25   5   2  -2
  583 atomic    25   5   2  -1
  584 atomic    25   5   2   0
  585 atomic    25   5   2   1
  586 atomic    25   5   2   2
  587 hydro     25   3   2  -2
  588 hydro     25   3   2  -1
  589 hydro     25   3   2   0
  590 hydro     25   3   2   1
  591 hydro     25   3   2   2
  592 atomic    25   4   3  -3
  593 atomic    25   4   3  -2
  594 atomic    25   4   3  -1
  595 atomic    25   4   3   0
  596 atomic    25   4   3   1
  597 atomic    25   4   3   2
  598 atomic    25   4   3   3
  599 hydro     25   4   3  -3
  600 hydro     25   4   3  -2
  601 hydro     25   4   3  -1
  602 hydro     25   4   3   0
  603 hydro     25   4   3   1
  604 hydro     25   4   3   2
  605 hydro     25   4   3   3
  606 atomic    26   1   0   0
  607 atomic    26   2   0   0
  608 atomic    26   3   0   0
  609 atomic    26   4   0   0
  610 atomic    26   5   0   0
  611 ionic     26   6   0   0
  612 atomic    26   6   0   0
  613 atomic    26   2   1  -1
  614 atomic    26   2   1   0
  615 atomic    26   2   1   1
  616 atomic    26   3   1  -1
  617 atomic    26   3   1   0
  618 atomic    26   3   1   1
  619 atomic    26   4   1  -1
  620 atomic    26   4   1   0
  621 atomic    26   4   1   1
  622 atomic    26   5   1  -1
  623 atomic    26   5   1   0
  624 atomic    26   5   1   1
  625 ionic     26   6   1  -1
  626 ionic     26   6   1   0
  627 ionic     26   6   1   1
  628 atomic    26   3   2  -2
  629 atomic    26   3   2  -1
  630 atomic    26   3   2   0
  631 atomic    26   3   2   1
  632 atomic    26   3   2   2
  633 atomic    26   4   2  -2
  634 atomic    26   4   2  -1
  635 atomic    26   4   2   0
  636 atomic    26   4   2   1
  637 atomic    26   4   2   2
  638 atomic    26   5   2  -2
  639 atomic    26   5   2  -1
  640 atomic    26   5   2   0
  641 atomic    26   5   2   1
  642 atomic    26   5   2   2
  643 hydro     26   3   2  -2
  644 hydro     26   3   2  -1
  645 hydro     26   3   2   0
  646 hydro     26   3   2   1
  647 hydro     26   3   2   2
  648 atomic    26   4   3  -3
  649 atomic    26   4   3  -2
  650 atomic    26   4   3  -1
  651 atomic    26   4   3   0
  652 atomic    26   4   3   1
  653 atomic    26   4   3   2
  654 atomic    26   4   3   3
  655 hydro     26   4   3  -3
  656 hydro     26   4   3  -2
  657 hydro     26   4   3  -1
  658 hydro     26   4   3   0
  659 hydro     26   4   3   1
  660 hydro     26   4   3   2
  661 hydro     26   4   3   3
  662 atomic    27   1   0   0
  663 atomic    27   2   0   0
  664 atomic    27   3   0   0
  665 atomic    27   4   0   0
  666 atomic    27   5   0   0
  667 ionic     27   6   0   0
  668 atomic    27   6   0   0
  669 atomic    27   2   1  -1
  670 atomic    27   2   1   0
  671 atomic    27   2   1   1
  672 atomic    27   3   1  -1
  673 atomic    27   3   1   0
  674 atomic    27   3   1   1
  675 atomic    27   4   1  -1
  676 atomic    27   4   1   0
  677 atomic    27   4   1   1
  678 atomic    27   5   1  -1
  679 atomic    27   5   1   0
  680 atomic    27   5   1   1
  681 ionic     27   6   1  -1
  682 ionic     27   6   1   0
  683 ionic     27   6   1   1
  684 atomic    27   3   2  -2
  685 atomic    27   3   2  -1
  686 atomic    27   3   2   0
  687 atomic    27   3   2   1
  688 atomic    27   3   2   2
  689 atomic    27   4   2  -2
  690 atomic    27   4   2  -1
  691 atomic    27   4   2   0
  692 atomic    27   4   2   1
  693 atomic    27   4   2   2
  694 atomic    27   5   2  -2
  695 atomic    27   5   2  -1
  696 atomic    27   5   2   0
  697 atomic    27   5   2   1
  698 atomic    27   5   2   2
  699 hydro     27   3   2  -2
  700 hydro     27   3   2  -1
  701 hydro     27   3   2   0
  702 hydro     27   3   2   1
  703 hydro     27   3   2   2
  704 atomic    27   4   3  -3
  705 atomic    27   4   3  -2
  706 atomic    27   4   3  -1
  707 atomic    27   4   3   0
  708 atomic    27   4   3   1
  709 atomic    27   4   3   2
  710 atomic    27   4   3   3
  711 hydro     27   4   3  -3
  712 hydro     27   4   3  -2
  713 hydro     27   4   3  -1
  714 hydro     27   4   3   0
  715 hydro     27   4   3   1
  716 hydro     27   4   3   2
  717 hydro     27   4   3   3
  718 atomic    28   1   0   0
  719 atomic    28   2   0   0
  720 atomic    28   3   0   0
  721 atomic    28   4   0   0
  722 atomic    28   5   0   0
  723 ionic     28   6   0   0
  724 atomic    28   6   0   0
  725 atomic    28   2   1  -1
  726 atomic    28   2   1   0
  727 atomic    28   2   1   1
  728 atomic    28   3   1  -1
  729 atomic    28   3   1   0
  730 atomic    28   3   1   1
  731 atomic    28   4   1  -1
  732 atomic    28   4   1   0
  733 atomic    28   4   1   1
  734 atomic    28   5   1  -1
  735 atomic    28   5   1   0
  736 atomic    28   5   1   1
  737 ionic     28   6   1  -1
  738 ionic     28   6   1   0
  739 ionic     28   6   1   1
  740 atomic    28   3   2  -2
  741 atomic    28   3   2  -1
  742 atomic    28   3   2   0
  743 atomic    28   3   2   1
  744 atomic    28   3   2   2
  745 atomic    28   4   2  -2
  746 atomic    28   4   2  -1
  747 atomic    28   4   2   0
  748 atomic    28   4   2   1
  749 atomic    28   4   2   2
  750 atomic    28   5   2  -2
  751 atomic    28   5   2  -1
  752 atomic    28   5   2   0
  753 atomic    28   5   2   1
  754 atomic    28   5   2   2
  755 hydro     28   3   2  -2
  756 hydro     28   3   2  -1
  757 hydro     28   3   2   0
  758 hydro     28   3   2   1
  759 hydro     28   3   2   2
  760 atomic    28   4   3  -3
  761 atomic    28   4   3  -2
  762 atomic    28   4   3  -1
  763 atomic    28   4   3   0
  764 atomic    28   4   3   1
  765 atomic    28   4   3   2
  766 atomic    28   4   3   3
  767 hydro     28   4   3  -3
  768 hydro     28   4   3  -2
  769 hydro     28   4   3  -1
  770 hydro     28   4   3   0
  771 hydro     28   4   3   1
  772 hydro     28   4   3   2
  773 hydro     28   4   3   3
  774 atomic    29   1   0   0
  775 atomic    29   2   0   0
  776 atomic    29   3   0   0
  777 atomic    29   4   0   0
  778 atomic    29   5   0   0
  779 ionic     29   6   0   0
  780 atomic    29   6   0   0
  781 atomic    29   2   1  -1
  782 atomic    29   2   1   0
  783 atomic    29   2   1   1
  784 atomic    29   3   1  -1
  785 atomic    29   3   1   0
  786 atomic    29   3   1   1
  787 atomic    29   4   1  -1
  788 atomic    29   4   1   0
  789 atomic    29   4   1   1
  790 atomic    29   5   1  -1
  791 atomic    29   5   1   0
  792 atomic    29   5   1   1
  793 ionic     29   6   1  -1
  794 ionic     29   6   1   0
  795 ionic     29   6   1   1
  796 atomic    29   3   2  -2
  797 atomic    29   3   2  -1
  798 atomic    29   3   2   0
  799 atomic    29   3   2   1
  800 atomic    29   3   2   2
  801 atomic    29   4   2  -2
  802 atomic    29   4   2  -1
  803 atomic    29   4   2   0
  804 atomic    29   4   2   1
  805 atomic    29   4   2   2
  806 atomic    29   5   2  -2
  807 atomic    29   5   2  -1
  808 atomic    29   5   2   0
  809 atomic    29   5   2   1
  810 atomic    29   5   2   2
  811 hydro     29   3   2  -2
  812 hydro     29   3   2  -1
  813 hydro     29   3   2   0
  814 hydro     29   3   2   1
  815 hydro     29   3   2   2
  816 atomic    29   4   3  -3
  817 atomic    29   4   3  -2
  818 atomic    29   4   3  -1
  819 atomic    29   4   3   0
  820 atomic    29   4   3   1
  821 atomic    29   4   3   2
  822 atomic    29   4   3   3
  823 hydro     29   4   3  -3
  824 hydro     29   4   3  -2
  825 hydro     29   4   3  -1
  826 hydro     29   4   3   0
  827 hydro     29   4   3   1
  828 hydro     29   4   3   2
  829 hydro     29   4   3   3
  830 atomic    30   1   0   0
  831 atomic    30   2   0   0
  832 atomic    30   3   0   0
  833 atomic    30   4   0   0
  834 atomic    30   5   0   0
  835 ionic     30   6   0   0
  836 atomic    30   6   0   0
  837 atomic    30   2   1  -1
  838 atomic    30   2   1   0
  839 atomic    30   2   1   1
  840 atomic    30   3   1  -1
  841 atomic    30   3   1   0
  842 atomic    30   3   1   1
  843 atomic    30   4   1  -1
  844 atomic    30   4   1   0
  845 atomic    30   4   1   1
  846 atomic    30   5   1  -1
  847 atomic    30   5   1   0
  848 atomic    30   5   1   1
  849 ionic     30   6   1  -1
  850 ionic     30   6   1   0
  851 ionic     30   6   1   1
  852 atomic    30   3   2  -2
  853 atomic    30   3   2  -1
  854 atomic    30   3   2   0
  855 atomic    30   3   2   1
  856 atomic    30   3   2   2
  857 atomic    30   4   2  -2
  858 atomic    30   4   2  -1
  859 atomic    30   4   2   0
  860 atomic    30   4   2   1
  861 atomic    30   4   2   2
  862 atomic    30   5   2  -2
  863 atomic    30   5   2  -1
  864 atomic    30   5   2   0
  865 atomic    30   5   2   1
  866 atomic    30   5   2   2
  867 hydro     30   3   2  -2
  868 hydro     30   3   2  -1
  869 hydro     30   3   2   0
  870 hydro     30   3   2   1
  871 hydro     30   3   2   2
  872 atomic    30   4   3  -3
  873 atomic    30   4   3  -2
  874 atomic    30   4   3  -1
  875 atomic    30   4   3   0
  876 atomic    30   4   3   1
  877 atomic    30   4   3   2
  878 atomic    30   4   3   3
  879 hydro     30   4   3  -3
  880 hydro     30   4   3  -2
  881 hydro     30   4   3  -1
  882 hydro     30   4   3   0
  883 hydro     30   4   3   1
  884 hydro     30   4   3   2
  885 hydro     30   4   3   3
  886 atomic    31   1   0   0
  887 atomic    31   2   0   0
  888 atomic    31   3   0   0
  889 atomic    31   4   0   0
  890 atomic    31   5   0   0
  891 ionic     31   6   0   0
  892 atomic    31   6   0   0
  893 atomic    31   2   1  -1
  894 atomic    31   2   1   0
  895 atomic    31   2   1   1
  896 atomic    31   3   1  -1
  897 atomic    31   3   1   0
  898 atomic    31   3   1   1
  899 atomic    31   4   1  -1
  900 atomic    31   4   1   0
  901 atomic    31   4   1   1
  902 atomic    31   5   1  -1
  903 atomic    31   5   1   0
  904 atomic    31   5   1   1
  905 ionic     31   6   1  -1
  906 ionic     31   6   1   0
  907 ionic     31   6   1   1
  908 atomic    31   3   2  -2
  909 atomic    31   3   2  -1
  910 atomic    31   3   2   0
  911 atomic    31   3   2   1
  912 atomic    31   3   2   2
  913 atomic    31   4   2  -2
  914 atomic    31   4   2  -1
  915 atomic    31   4   2   0
  916 atomic    31   4   2   1
  917 atomic    31   4   2   2
  918 atomic    31   5   2  -2
  919 atomic    31   5   2  -1
  920 atomic    31   5   2   0
  921 atomic    31   5   2   1
  922 atomic    31   5   2   2
  923 hydro     31   3   2  -2
  924 hydro     31   3   2  -1
  925 hydro     31   3   2   0
  926 hydro     31   3   2   1
  927 hydro     31   3   2   2
  928 atomic    31   4   3  -3
  929 atomic    31   4   3  -2
  930 atomic    31   4   3  -1
  931 atomic    31   4   3   0
  932 atomic    31   4   3   1
  933 atomic    31   4   3   2
  934 atomic    31   4   3   3
  935 hydro     31   4   3  -3
  936 hydro     31   4   3  -2
  937 hydro     31   4   3  -1
  938 hydro     31   4   3   0
  939 hydro     31   4   3   1
  940 hydro     31   4   3   2
  941 hydro     31   4   3   3
  942 atomic    32   1   0   0
  943 atomic    32   2   0   0
  944 atomic    32   3   0   0
  945 atomic    32   4   0   0
  946 atomic    32   5   0   0
  947 ionic     32   6   0   0
  948 atomic    32   6   0   0
  949 atomic    32   2   1  -1
  950 atomic    32   2   1   0
  951 atomic    32   2   1   1
  952 atomic    32   3   1  -1
  953 atomic    32   3   1   0
  954 atomic    32   3   1   1
  955 atomic    32   4   1  -1
  956 atomic    32   4   1   0
  957 atomic    32   4   1   1
  958 atomic    32   5   1  -1
  959 atomic    32   5   1   0
  960 atomic    32   5   1   1
  961 ionic     32   6   1  -1
  962 ionic     32   6   1   0
  963 ionic     32   6   1   1
  964 atomic    32   3   2  -2
  965 atomic    32   3   2  -1
  966 atomic    32   3   2   0
  967 atomic    32   3   2   1
  968 atomic    32   3   2   2
  969 atomic    32   4   2  -2
  970 atomic    32   4   2  -1
  971 atomic    32   4   2   0
  972 atomic    32   4   2   1
  973 atomic    32   4   2   2
  974 atomic    32   5   2  -2
  975 atomic    32   5   2  -1
  976 atomic    32   5   2   0
  977 atomic    32   5   2   1
  978 atomic    32   5   2   2
  979 hydro     32   3   2  -2
  980 hydro     32   3   2  -1
  981 hydro     32   3   2   0
  982 hydro     32   3   2   1
  983 hydro     32   3   2   2
  984 atomic    32   4   3  -3
  985 atomic    32   4   3  -2
  986 atomic    32   4   3  -1
  987 atomic    32   4   3   0
  988 atomic    32   4   3   1
  989 atomic    32   4   3   2
  990 atomic    32   4   3   3
  991 hydro     32   4   3  -3
  992 hydro     32   4   3  -2
  993 hydro     32   4   3  -1
  994 hydro     32   4   3   0
  995 hydro     32   4   3   1
  996 hydro     32   4   3   2
  997 hydro     32   4   3   3
  998 atomic    33   1   0   0
  999 atomic    33   2   0   0
 1000 atomic    33   3   0   0
 1001 atomic    33   4   0   0
 1002 atomic    33   5   0   0
 1003 ionic     33   6   0   0
 1004 atomic    33   6   0   0
 1005 atomic    33   2   1  -1
 1006 atomic    33   2   1   0
 1007 atomic    33   2   1   1
 1008 atomic    33   3   1  -1
 1009 atomic    33   3   1   0
 1010 atomic    33   3   1   1
 1011 atomic    33   4   1  -1
 1012 atomic    33   4   1   0
 1013 atomic    33   4   1   1
 1014 atomic    33   5   1  -1
 1015 atomic    33   5   1   0
 1016 atomic    33   5   1   1
 1017 ionic     33   6   1  -1
 1018 ionic     33   6   1   0
 1019 ionic     33   6   1   1
 1020 atomic    33   3   2  -2
 1021 atomic    33   3   2  -1
 1022 atomic    33   3   2   0
 1023 atomic    33   3   2   1
 1024 atomic    33   3   2   2
 1025 atomic    33   4   2  -2
 1026 atomic    33   4   2  -1
 1027 atomic    33   4   2   0
 1028 atomic    33   4   2   1
 1029 atomic    33   4   2   2
 1030 atomic    33   5   2  -2
 1031 atomic    33   5   2  -1
 1032 atomic    33   5   2   0
 1033 atomic    33   5   2   1
 1034 atomic    33   5   2   2
 1035 hydro     33   3   2  -2
 1036 hydro     33   3   2  -1
 1037 hydro     33   3   2   0
 1038 hydro     33   3   2   1
 1039 hydro     33   3   2   2
 1040 atomic    33   4   3  -3
 1041 atomic    33   4   3  -2
 1042 atomic    33   4   3  -1
 1043 atomic    33   4   3   0
 1044 atomic    33   4   3   1
 1045 atomic    33   4   3   2
 1046 atomic    33   4   3   3
 1047 hydro     33   4   3  -3
 1048 hydro     33   4   3  -2
 1049 hydro     33   4   3  -1
 1050 hydro     33   4   3   0
 1051 hydro     33   4   3   1
 1052 hydro     33   4   3   2
 1053 hydro     33   4   3   3
 1054 atomic    34   1   0   0
 1055 atomic    34   2   0   0
 1056 atomic    34   3   0   0
 1057 atomic    34   4   0   0
 1058 atomic    34   5   0   0
 1059 ionic     34   6   0   0
 1060 atomic    34   6   0   0
 1061 atomic    34   2   1  -1
 1062 atomic    34   2   1   0
 1063 atomic    34   2   1   1
 1064 atomic    34   3   1  -1
 1065 atomic    34   3   1   0
 1066 atomic    34   3   1   1
 1067 atomic    34   4   1  -1
 1068 atomic    34   4   1   0
 1069 atomic    34   4   1   1
 1070 atomic    34   5   1  -1
 1071 atomic    34   5   1   0
 1072 atomic    34   5   1   1
 1073 ionic     34   6   1  -1
 1074 ionic     34   6   1   0
 1075 ionic     34   6   1   1
 1076 atomic    34   3   2  -2
 1077 atomic    34   3   2  -1
 1078 atomic    34   3   2   0
 1079 atomic    34   3   2   1
 1080 atomic    34   3   2   2
 1081 atomic    34   4   2  -2
 1082 atomic    34   4   2  -1
 1083 atomic    34   4   2   0
 1084 atomic    34   4   2   1
 1085 atomic    34   4   2   2
 1086 atomic    34   5   2  -2
 1087 atomic    34   5   2  -1
 1088 atomic    34   5   2   0
 1089 atomic    34   5   2   1
 1090 atomic    34   5   2   2
 1091 hydro     34   3   2  -2
 1092 hydro     34   3   2  -1
 1093 hydro     34   3   2   0
 1094 hydro     34   3   2   1
 1095 hydro     34   3   2   2
 1096 atomic    34   4   3  -3
 1097 atomic    34   4   3  -2
 1098 atomic    34   4   3  -1
 1099 atomic    34   4   3   0
 1100 atomic    34   4   3   1
 1101 atomic    34   4   3   2
 1102 atomic    34   4   3   3
 1103 hydro     34   4   3  -3
 1104 hydro     34   4   3  -2
 1105 hydro     34   4   3  -1
 1106 hydro     34   4   3   0
 1107 hydro     34   4   3   1
 1108 hydro     34   4   3   2
 1109 hydro     34   4   3   3
 1110 atomic    35   1   0   0
 1111 atomic    35   2   0   0
 1112 atomic    35   3   0   0
 1113 atomic    35   4   0   0
 1114 atomic    35   5   0   0
 1115 ionic     35   6   0   0
 1116 atomic    35   6   0   0
 1117 atomic    35   2   1  -1
 1118 atomic    35   2   1   0
 1119 atomic    35   2   1   1
 1120 atomic    35   3   1  -1
 1121 atomic    35   3   1   0
 1122 atomic    35   3   1   1
 1123 atomic    35   4   1  -1
 1124 atomic    35   4   1   0
 1125 atomic    35   4   1   1
 1126 atomic    35   5   1  -1
 1127 atomic    35   5   1   0
 1128 atomic    35   5   1   1
 1129 ionic     35   6   1  -1
 1130 ionic     35   6   1   0
 1131 ionic     35   6   1   1
 1132 atomic    35   3   2  -2
 1133 atomic    35   3   2  -1
 1134 atomic    35   3   2   0
 1135 atomic    35   3   2   1
 1136 atomic    35   3   2   2
 1137 atomic    35   4   2  -2
 1138 atomic    35   4   2  -1
 1139 atomic    35   4   2   0
 1140 atomic    35   4   2   1
 1141 atomic    35   4   2   2
 1142 atomic    35   5   2  -2
 1143 atomic    35   5   2  -1
 1144 atomic    35   5   2   0
 1145 atomic    35   5   2   1
 1146 atomic    35   5   2   2
 1147 hydro     35   3   2  -2
 1148 hydro     35   3   2  -1
 1149 hydro     35   3   2   0
 1150 hydro     35   3   2   1
 1151 hydro     35   3   2   2
 1152 atomic    35   4   3  -3
 1153 atomic    35   4   3  -2
 1154 atomic    35   4   3  -1
 1155 atomic    35   4   3   0
 1156 atomic    35   4   3   1
 1157 atomic    35   4   3   2
 1158 atomic    35   4   3   3
 1159 hydro     35   4   3  -3
 1160 hydro     35   4   3  -2
 1161 hydro     35   4   3  -1
 1162 hydro     35   4   3   0
 1163 hydro     35   4   3   1
 1164 hydro     35   4   3   2
 1165 hydro     35   4   3   3
 1166 atomic    36   1   0   0
 1167 atomic    36   2   0   0
 1168 atomic    36   3   0   0
 1169 atomic    36   4   0   0
 1170 atomic    36   5   0   0
 1171 ionic     36   6   0   0
 1172 atomic    36   6   0   0
 1173 atomic    36   2   1  -1
 1174 atomic    36   2   1   0
 1175 atomic    36   2   1   1
 1176 atomic    36   3   1  -1
 1177 atomic    36   3   1   0
 1178 atomic    36   3   1   1
 1179 atomic    36   4   1  -1
 1180 atomic    36   4   1   0
 1181 atomic    36   4   1   1
 1182 atomic    36   5   1  -1
 1183 atomic    36   5   1   0
 1184 atomic    36   5   1   1
 1185 ionic     36   6   1  -1
 1186 ionic     36   6   1   0
 1187 ionic     36   6   1   1
 1188 atomic    36   3   2  -2
 1189 atomic    36   3   2  -1
 1190 atomic    36   3   2   0
 1191 atomic    36   3   2   1
 1192 atomic    36   3   2   2
 1193 atomic    36   4   2  -2
 1194 atomic    36   4   2  -1
 1195 atomic    36   4   2   0
 1196 atomic    36   4   2   1
 1197 atomic    36   4   2   2
 1198 atomic    36   5   2  -2
 1199 atomic    36   5   2  -1
 1200 atomic    36   5   2   0
 1201 atomic    36   5   2   1
 1202 atomic    36   5   2   2
 1203 hydro     36   3   2  -2
 1204 hydro     36   3   2  -1
 1205 hydro     36   3   2   0
 1206 hydro     36   3   2   1
 1207 hydro     36   3   2   2
 1208 atomic    36   4   3  -3
 1209 atomic    36   4   3  -2
 1210 atomic    36   4   3  -1
 1211 atomic    36   4   3   0
 1212 atomic    36   4   3   1
 1213 atomic    36   4   3   2
 1214 atomic    36   4   3   3
 1215 hydro     36   4   3  -3
 1216 hydro     36   4   3  -2
 1217 hydro     36   4   3  -1
 1218 hydro     36   4   3   0
 1219 hydro     36   4   3   1
 1220 hydro     36   4   3   2
 1221 hydro     36   4   3   3
 1222 atomic    37   1   0   0
 1223 atomic    37   2   0   0
 1224 atomic    37   3   0   0
 1225 atomic    37   4   0   0
 1226 atomic    37   5   0   0
 1227 ionic     37   6   0   0
 1228 atomic    37   6   0   0
 1229 atomic    37   2   1  -1
 1230 atomic    37   2   1   0
 1231 atomic    37   2   1   1
 1232 atomic    37   3   1  -1
 1233 atomic    37   3   1   0
 1234 atomic    37   3   1   1
 1235 atomic    37   4   1  -1
 1236 atomic    37   4   1   0
 1237 atomic    37   4   1   1
 1238 atomic    37   5   1  -1
 1239 atomic    37   5   1   0
 1240 atomic    37   5   1   1
 1241 ionic     37   6   1  -1
 1242 ionic     37   6   1   0
 1243 ionic     37   6   1   1
 1244 atomic    37   3   2  -2
 1245 atomic    37   3   2  -1
 1246 atomic    37   3   2   0
 1247 atomic    37   3   2   1
 1248 atomic    37   3   2   2
 1249 atomic    37   4   2  -2
 1250 atomic    37   4   2  -1
 1251 atomic    37   4   2   0
 1252 atomic    37   4   2   1
 1253 atomic    37   4   2   2
 1254 atomic    37   5   2  -2
 1255 atomic    37   5   2  -1
 1256 atomic    37   5   2   0
 1257 atomic    37   5   2   1
 1258 atomic    37   5   2   2
 1259 hydro     37   3   2  -2
 1260 hydro     37   3   2  -1
 1261 hydro     37   3   2   0
 1262 hydro     37   3   2   1
 1263 hydro     37   3   2   2
 1264 atomic    37   4   3  -3
 1265 atomic    37   4   3  -2
 1266 atomic    37   4   3  -1
 1267 atomic    37   4   3   0
 1268 atomic    37   4   3   1
 1269 atomic    37   4   3   2
 1270 atomic    37   4   3   3
 1271 hydro     37   4   3  -3
 1272 hydro     37   4   3  -2
 1273 hydro     37   4   3  -1
 1274 hydro     37   4   3   0
 1275 hydro     37   4   3   1
 1276 hydro     37   4   3   2
 1277 hydro     37   4   3   3
 1278 atomic    38   1   0   0
 1279 atomic    38   2   0   0
 1280 atomic    38   3   0   0
 1281 atomic    38   4   0   0
 1282 atomic    38   5   0   0
 1283 ionic     38   6   0   0
 1284 atomic    38   6   0   0
 1285 atomic    38   2   1  -1
 1286 atomic    38   2   1   0
 1287 atomic    38   2   1   1
 1288 atomic    38   3   1  -1
 1289 atomic    38   3   1   0
 1290 atomic    38   3   1   1
 1291 atomic    38   4   1  -1
 1292 atomic    38   4   1   0
 1293 atomic    38   4   1   1
 1294 atomic    38   5   1  -1
 1295 atomic    38   5   1   0
 1296 atomic    38   5   1   1
 1297 ionic     38   6   1  -1
 1298 ionic     38   6   1   0
 1299 ionic     38   6   1   1
 1300 atomic    38   3   2  -2
 1301 atomic    38   3   2  -1
 1302 atomic    38   3   2   0
 1303 atomic    38   3   2   1
 1304 atomic    38   3   2   2
 1305 atomic    38   4   2  -2
 1306 atomic    38   4   2  -1
 1307 atomic    38   4   2   0
 1308 atomic    38   4   2   1
 1309 atomic    38   4   2   2
 1310 atomic    38   5   2  -2
 1311 atomic    38   5   2  -1
 1312 atomic    38   5   2   0
 1313 atomic    38   5   2   1
 1314 atomic    38   5   2   2
 1315 hydro     38   3   2  -2
 1316 hydro     38   3   2  -1
 1317 hydro     38   3   2   0
 1318 hydro     38   3   2   1
 1319 hydro     38   3   2   2
 1320 atomic    38   4   3  -3
 1321 atomic    38   4   3  -2
 1322 atomic    38   4   3  -1
 1323 atomic    38   4   3   0
 1324 atomic    38   4   3   1
 1325 atomic    38   4   3   2
 1326 atomic    38   4   3   3
 1327 hydro     38   4   3  -3
 1328 hydro     38   4   3  -2
 1329 hydro     38   4   3  -1
 1330 hydro     38   4   3   0
 1331 hydro     38   4   3   1
 1332 hydro     38   4   3   2
 1333 hydro     38   4   3   3
 1334 atomic    39   1   0   0
 1335 atomic    39   2   0   0
 1336 atomic    39   3   0   0
 1337 atomic    39   4   0   0
 1338 atomic    39   5   0   0
 1339 ionic     39   6   0   0
 1340 atomic    39   6   0   0
 1341 atomic    39   2   1  -1
 1342 atomic    39   2   1   0
 1343 atomic    39   2   1   1
 1344 atomic    39   3   1  -1
 1345 atomic    39   3   1   0
 1346 atomic    39   3   1   1
 1347 atomic    39   4   1  -1
 1348 atomic    39   4   1   0
 1349 atomic    39   4   1   1
 1350 atomic    39   5   1  -1
 1351 atomic    39   5   1   0
 1352 atomic    39   5   1   1
 1353 ionic     39   6   1  -1
 1354 ionic     39   6   1   0
 1355 ionic     39   6   1   1
 1356 atomic    39   3   2  -2
 1357 atomic    39   3   2  -1
 1358 atomic    39   3   2   0
 1359 atomic    39   3   2   1
 1360 atomic    39   3   2   2
 1361 atomic    39   4   2  -2
 1362 atomic    39   4   2  -1
 1363 atomic    39   4   2   0
 1364 atomic    39   4   2   1
 1365 atomic    39   4   2   2
 1366 atomic    39   5   2  -2
 1367 atomic    39   5   2  -1
 1368 atomic    39   5   2   0
 1369 atomic    39   5   2   1
 1370 atomic    39   5   2   2
 1371 hydro     39   3   2  -2
 1372 hydro     39   3   2  -1
 1373 hydro     39   3   2   0
 1374 hydro     39   3   2   1
 1375 hydro     39   3   2   2
 1376 atomic    39   4   3  -3
 1377 atomic    39   4   3  -2
 1378 atomic    39   4   3  -1
 1379 atomic    39   4   3   0
 1380 atomic    39   4   3   1
 1381 atomic    39   4   3   2
 1382 atomic    39   4   3   3
 1383 hydro     39   4   3  -3
 1384 hydro     39   4   3  -2
 1385 hydro     39   4   3  -1
 1386 hydro     39   4   3   0
 1387 hydro     39   4   3   1
 1388 hydro     39   4   3   2
 1389 hydro     39   4   3   3
 1390 atomic    40   1   0   0
 1391 atomic    40   2   0   0
 1392 atomic    40   3   0   0
 1393 atomic    40   4   0   0
 1394 atomic    40   5   0   0
 1395 ionic     40   6   0   0
 1396 atomic    40   6   0   0
 1397 atomic    40   2   1  -1
 1398 atomic    40   2   1   0
 1399 atomic    40   2   1   1
 1400 atomic    40   3   1  -1
 1401 atomic    40   3   1   0
 1402 atomic    40   3   1   1
 1403 atomic    40   4   1  -1
 1404 atomic    40   4   1   0
 1405 atomic    40   4   1   1
 1406 atomic    40   5   1  -1
 1407 atomic    40   5   1   0
 1408 atomic    40   5   1   1
 1409 ionic     40   6   1  -1
 1410 ionic     40   6   1   0
 1411 ionic     40   6   1   1
 1412 atomic    40   3   2  -2
 1413 atomic    40   3   2  -1
 1414 atomic    40   3   2   0
 1415 atomic    40   3   2   1
 1416 atomic    40   3   2   2
 1417 atomic    40   4   2  -2
 1418 atomic    40   4   2  -1
 1419 atomic    40   4   2   0
 1420 atomic    40   4   2   1
 1421 atomic    40   4   2   2
 1422 atomic    40   5   2  -2
 1423 atomic    40   5   2  -1
 1424 atomic    40   5   2   0
 1425 atomic    40   5   2   1
 1426 atomic    40   5   2   2
 1427 hydro     40   3   2  -2
 1428 hydro     40   3   2  -1
 1429 hydro     40   3   2   0
 1430 hydro     40   3   2   1
 1431 hydro     40   3   2   2
 1432 atomic    40   4   3  -3
 1433 atomic    40   4   3  -2
 1434 atomic    40   4   3  -1
 1435 atomic    40   4   3   0
 1436 atomic    40   4   3   1
 1437 atomic    40   4   3   2
 1438 atomic    40   4   3   3
 1439 hydro     40   4   3  -3
 1440 hydro     40   4   3  -2
 1441 hydro     40   4   3  -1
 1442 hydro     40   4   3   0
 1443 hydro     40   4   3   1
 1444 hydro     40   4   3   2
 1445 hydro     40   4   3   3
 1446 atomic    41   1   0   0
 1447 atomic    41   2   0   0
 1448 atomic    41   3   0   0
 1449 atomic    41   4   0   0
 1450 atomic    41   5   0   0
 1451 ionic     41   6   0   0
 1452 atomic    41   6   0   0
 1453 atomic    41   2   1  -1
 1454 atomic    41   2   1   0
 1455 atomic    41   2   1   1
 1456 atomic    41   3   1  -1
 1457 atomic    41   3   1   0
 1458 atomic    41   3   1   1
 1459 atomic    41   4   1  -1
 1460 atomic    41   4   1   0
 1461 atomic    41   4   1   1
 1462 atomic    41   5   1  -1
 1463 atomic    41   5   1   0
 1464 atomic    41   5   1   1
 1465 ionic     41   6   1  -1
 1466 ionic     41   6   1   0
 1467 ionic     41   6   1   1
 1468 atomic    41   3   2  -2
 1469 atomic    41   3   2  -1
 1470 atomic    41   3   2   0
 1471 atomic    41   3   2   1
 1472 atomic    41   3   2   2
 1473 atomic    41   4   2  -2
 1474 atomic    41   4   2  -1
 1475 atomic    41   4   2   0
 1476 atomic    41   4   2   1
 1477 atomic    41   4   2   2
 1478 atomic    41   5   2  -2
 1479 atomic    41   5   2  -1
 1480 atomic    41   5   2   0
 1481 atomic    41   5   2   1
 1482 atomic    41   5   2   2
 1483 hydro     41   3   2  -2
 1484 hydro     41   3   2  -1
 1485 hydro     41   3   2   0
 1486 hydro     41   3   2   1
 1487 hydro     41   3   2   2
 1488 atomic    41   4   3  -3
 1489 atomic    41   4   3  -2
 1490 atomic    41   4   3  -1
 1491 atomic    41   4   3   0
 1492 atomic    41   4   3   1
 1493 atomic    41   4   3   2
 1494 atomic    41   4   3   3
 1495 hydro     41   4   3  -3
 1496 hydro     41   4   3  -2
 1497 hydro     41   4   3  -1
 1498 hydro     41   4   3   0
 1499 hydro     41   4   3   1
 1500 hydro     41   4   3   2
 1501 hydro     41   4   3   3
 1502 atomic    42   1   0   0
 1503 atomic    42   2   0   0
 1504 atomic    42   3   0   0
 1505 atomic    42   4   0   0
 1506 atomic    42   5   0   0
 1507 ionic     42   6   0   0
 1508 atomic    42   6   0   0
 1509 atomic    42   2   1  -1
 1510 atomic    42   2   1   0
 1511 atomic    42   2   1   1
 1512 atomic    42   3   1  -1
 1513 atomic    42   3   1   0
 1514 atomic    42   3   1   1
 1515 atomic    42   4   1  -1
 1516 atomic    42   4   1   0
 1517 atomic    42   4   1   1
 1518 atomic    42   5   1  -1
 1519 atomic    42   5   1   0
 1520 atomic    42   5   1   1
 1521 ionic     42   6   1  -1
 1522 ionic     42   6   1   0
 1523 ionic     42   6   1   1
 1524 atomic    42   3   2  -2
 1525 atomic    42   3   2  -1
 1526 atomic    42   3   2   0
 1527 atomic    42   3   2   1
 1528 atomic    42   3   2   2
 1529 atomic    42   4   2  -2
 1530 atomic    42   4   2  -1
 1531 atomic    42   4   2   0
 1532 atomic    42   4   2   1
 1533 atomic    42   4   2   2
 1534 atomic    42   5   2  -2
 1535 atomic    42   5   2  -1
 1536 atomic    42   5   2   0
 1537 atomic    42   5   2   1
 1538 atomic    42   5   2   2
 1539 hydro     42   3   2  -2
 1540 hydro     42   3   2  -1
 1541 hydro     42   3   2   0
 1542 hydro     42   3   2   1
 1543 hydro     42   3   2   2
 1544 atomic    42   4   3  -3
 1545 atomic    42   4   3  -2
 1546 atomic    42   4   3  -1
 1547 atomic    42   4   3   0
 1548 atomic    42   4   3   1
 1549 atomic    42   4   3   2
 1550 atomic    42   4   3   3
 1551 hydro     42   4   3  -3
 1552 hydro     42   4   3  -2
 1553 hydro     42   4   3  -1
 1554 hydro     42   4   3   0
 1555 hydro     42   4   3   1
 1556 hydro     42   4   3   2
 1557 hydro     42   4   3   3
 1558 atomic    43   1   0   0
 1559 atomic    43   2   0   0
 1560 atomic    43   3   0   0
 1561 atomic    43   4   0   0
 1562 atomic    43   5   0   0
 1563 ionic     43   6   0   0
 1564 atomic    43   6   0   0
 1565 atomic    43   2   1  -1
 1566 atomic    43   2   1   0
 1567 atomic    43   2   1   1
 1568 atomic    43   3   1  -1
 1569 atomic    43   3   1   0
 1570 atomic    43   3   1   1
 1571 atomic    43   4   1  -1
 1572 atomic    43   4   1   0
 1573 atomic    43   4   1   1
 1574 atomic    43   5   1  -1
 1575 atomic    43   5   1   0
 1576 atomic    43   5   1   1
 1577 ionic     43   6   1  -1
 1578 ionic     43   6   1   0
 1579 ionic     43   6   1   1
 1580 atomic    43   3   2  -2
 1581 atomic    43   3   2  -1
 1582 atomic    43   3   2   0
 1583 atomic    43   3   2   1
 1584 atomic    43   3   2   2
 1585 atomic    43   4   2  -2
 1586 atomic    43   4   2  -1
 1587 atomic    43   4   2   0
 1588 atomic    43   4   2   1
 1589 atomic    43   4   2   2
 1590 atomic    43   5   2  -2
 1591 atomic    43   5   2  -1
 1592 atomic    43   5   2   0
 1593 atomic    43   5   2   1
 1594 atomic    43   5   2   2
 1595 hydro     43   3   2  -2
 1596 hydro     43   3   2  -1
 1597 hydro     43   3   2   0
 1598 hydro     43   3   2   1
 1599 hydro     43   3   2   2
 1600 atomic    43   4   3  -3
 1601 atomic    43   4   3  -2
 1602 atomic    43   4   3  -1
 1603 atomic    43   4   3   0
 1604 atomic    43   4   3   1
 1605 atomic    43   4   3   2
 1606 atomic    43   4   3   3
 1607 hydro     43   4   3  -3
 1608 hydro     43   4   3  -2
 1609 hydro     43   4   3  -1
 1610 hydro     43   4   3   0
 1611 hydro     43   4   3   1
 1612 hydro     43   4   3   2
 1613 hydro     43   4   3   3
 1614 atomic    44   1   0   0
 1615 atomic    44   2   0   0
 1616 atomic    44   3   0   0
 1617 atomic    44   4   0   0
 1618 atomic    44   5   0   0
 1619 ionic     44   6   0   0
 1620 atomic    44   6   0   0
 1621 atomic    44   2   1  -1
 1622 atomic    44   2   1   0
 1623 atomic    44   2   1   1
 1624 atomic    44   3   1  -1
 1625 atomic    44   3   1   0
 1626 atomic    44   3   1   1
 1627 atomic    44   4   1  -1
 1628 atomic    44   4   1   0
 1629 atomic    44   4   1   1
 1630 atomic    44   5   1  -1
 1631 atomic    44   5   1   0
 1632 atomic    44   5   1   1
 1633 ionic     44   6   1  -1
 1634 ionic     44   6   1   0
 1635 ionic     44   6   1   1
 1636 atomic    44   3   2  -2
 1637 atomic    44   3   2  -1
 1638 atomic    44   3   2   0
 1639 atomic    44   3   2   1
 1640 atomic    44   3   2   2
 1641 atomic    44   4   2  -2
 1642 atomic    44   4   2  -1
 1643 atomic    44   4   2   0
 1644 atomic    44   4   2   1
 1645 atomic    44   4   2   2
 1646 atomic    44   5   2  -2
 1647 atomic    44   5   2  -1
 1648 atomic    44   5   2   0
 1649 atomic    44   5   2   1
 1650 atomic    44   5   2   2
 1651 hydro     44   3   2  -2
 1652 hydro     44   3   2  -1
 1653 hydro     44   3   2   0
 1654 hydro     44   3   2   1
 1655 hydro     44   3   2   2
 1656 atomic    44   4   3  -3
 1657 atomic    44   4   3  -2
 1658 atomic    44   4   3  -1
 1659 atomic    44   4   3   0
 1660 atomic    44   4   3   1
 1661 atomic    44   4   3   2
 1662 atomic    44   4   3   3
 1663 hydro     44   4   3  -3
 1664 hydro     44   4   3  -2
 1665 hydro     44   4   3  -1
 1666 hydro     44   4   3   0
 1667 hydro     44   4   3   1
 1668 hydro     44   4   3   2
 1669 hydro     44   4   3   3
 1670 atomic    45   1   0   0
 1671 atomic    45   2   0   0
 1672 atomic    45   3   0   0
 1673 atomic    45   4   0   0
 1674 atomic    45   5   0   0
 1675 ionic     45   6   0   0
 1676 atomic    45   6   0   0
 1677 atomic    45   2   1  -1
 1678 atomic    45   2   1   0
 1679 atomic    45   2   1   1
 1680 atomic    45   3   1  -1
 1681 atomic    45   3   1   0
 1682 atomic    45   3   1   1
 1683 atomic    45   4   1  -1
 1684 atomic    45   4   1   0
 1685 atomic    45   4   1   1
 1686 atomic    45   5   1  -1
 1687 atomic    45   5   1   0
 1688 atomic    45   5   1   1
 1689 ionic     45   6   1  -1
 1690 ionic     45   6   1   0
 1691 ionic     45   6   1   1
 1692 atomic    45   3   2  -2
 1693 atomic    45   3   2  -1
 1694 atomic    45   3   2   0
 1695 atomic    45   3   2   1
 1696 atomic    45   3   2   2
 1697 atomic    45   4   2  -2
 1698 atomic    45   4   2  -1
 1699 atomic    45   4   2   0
 1700 atomic    45   4   2   1
 1701 atomic    45   4   2   2
 1702 atomic    45   5   2  -2
 1703 atomic    45   5   2  -1
 1704 atomic    45   5   2   0
 1705 atomic    45   5   2   1
 1706 atomic    45   5   2   2
 1707 hydro     45   3   2  -2
 1708 hydro     45   3   2  -1
 1709 hydro     45   3   2   0
 1710 hydro     45   3   2   1
 1711 hydro     45   3   2   2
 1712 atomic    45   4   3  -3
 1713 atomic    45   4   3  -2
 1714 atomic    45   4   3  -1
 1715 atomic    45   4   3   0
 1716 atomic    45   4   3   1
 1717 atomic    45   4   3   2
 1718 atomic    45   4   3   3
 1719 hydro     45   4   3  -3
 1720 hydro     45   4   3  -2
 1721 hydro     45   4   3  -1
 1722 hydro     45   4   3   0
 1723 hydro     45   4   3   1
 1724 hydro     45   4   3   2
 1725 hydro     45   4   3   3
 1726 atomic    46   1   0   0
 1727 atomic    46   2   0   0
 1728 atomic    46   3   0   0
 1729 atomic    46   4   0   0
 1730 atomic    46   5   0   0
 1731 ionic     46   6   0   0
 1732 atomic    46   6   0   0
 1733 atomic    46   2   1  -1
 1734 atomic    46   2   1   0
 1735 atomic    46   2   1   1
 1736 atomic    46   3   1  -1
 1737 atomic    46   3   1   0
 1738 atomic    46   3   1   1
 1739 atomic    46   4   1  -1
 1740 atomic    46   4   1   0
 1741 atomic    46   4   1   1
 1742 atomic    46   5   1  -1
 1743 atomic    46   5   1   0
 1744 atomic    46   5   1   1
 1745 ionic     46   6   1  -1
 1746 ionic     46   6   1   0
 1747 ionic     46   6   1   1
 1748 atomic    46   3   2  -2
 1749 atomic    46   3   2  -1
 1750 atomic    46   3   2   0
 1751 atomic    46   3   2   1
 1752 atomic    46   3   2   2
 1753 atomic    46   4   2  -2
 1754 atomic    46   4   2  -1
 1755 atomic    46   4   2   0
 1756 atomic    46   4   2   1
 1757 atomic    46   4   2   2
 1758 atomic    46   5   2  -2
 1759 atomic    46   5   2  -1
 1760 atomic    46   5   2   0
 1761 atomic    46   5   2   1
 1762 atomic    46   5   2   2
 1763 hydro     46   3   2  -2
 1764 hydro     46   3   2  -1
 1765 hydro     46   3   2   0
 1766 hydro     46   3   2   1
 1767 hydro     46   3   2   2
 1768 atomic    46   4   3  -3
 1769 atomic    46   4   3  -2
 1770 atomic    46   4   3  -1
 1771 atomic    46   4   3   0
 1772 atomic    46   4   3   1
 1773 atomic    46   4   3   2
 1774 atomic    46   4   3   3
 1775 hydro     46   4   3  -3
 1776 hydro     46   4   3  -2
 1777 hydro     46   4   3  -1
 1778 hydro     46   4   3   0
 1779 hydro     46   4   3   1
 1780 hydro     46   4   3   2
 1781 hydro     46   4   3   3
 1782 atomic    47   1   0   0
 1783 atomic    47   2   0   0
 1784 atomic    47   3   0   0
 1785 atomic    47   4   0   0
 1786 atomic    47   5   0   0
 1787 ionic     47   6   0   0
 1788 atomic    47   6   0   0
 1789 atomic    47   2   1  -1
 1790 atomic    47   2   1   0
 1791 atomic    47   2   1   1
 1792 atomic    47   3   1  -1
 1793 atomic    47   3   1   0
 1794 atomic    47   3   1   1
 1795 atomic    47   4   1  -1
 1796 atomic    47   4   1   0
 1797 atomic    47   4   1   1
 1798 atomic    47   5   1  -1
 1799 atomic    47   5   1   0
 1800 atomic    47   5   1   1
 1801 ionic     47   6   1  -1
 1802 ionic     47   6   1   0
 1803 ionic     47   6   1   1
 1804 atomic    47   3   2  -2
 1805 atomic    47   3   2  -1
 1806 atomic    47   3   2   0
 1807 atomic    47   3   2   1
 1808 atomic    47   3   2   2
 1809 atomic    47   4   2  -2
 1810 atomic    47   4   2  -1
 1811 atomic    47   4   2   0
 1812 atomic    47   4   2   1
 1813 atomic    47   4   2   2
 1814 atomic    47   5   2  -2
 1815 atomic    47   5   2  -1
 1816 atomic    47   5   2   0
 1817 atomic    47   5   2   1
 1818 atomic    47   5   2   2
 1819 hydro     47   3   2  -2
 1820 hydro     47   3   2  -1
 1821 hydro     47   3   2   0
 1822 hydro     47   3   2   1
 1823 hydro     47   3   2   2
 1824 atomic    47   4   3  -3
 1825 atomic    47   4   3  -2
 1826 atomic    47   4   3  -1
 1827 atomic    47   4   3   0
 1828 atomic    47   4   3   1
 1829 atomic    47   4   3   2
 1830 atomic    47   4   3   3
 1831 hydro     47   4   3  -3
 1832 hydro     47   4   3  -2
 1833 hydro     47   4   3  -1
 1834 hydro     47   4   3   0
 1835 hydro     47   4   3   1
 1836 hydro     47   4   3   2
 1837 hydro     47   4   3   3
 1838 atomic    48   1   0   0
 1839 atomic    48   2   0   0
 1840 atomic    48   3   0   0
 1841 atomic    48   4   0   0
 1842 atomic    48   5   0   0
 1843 ionic     48   6   0   0
 1844 atomic    48   6   0   0
 1845 atomic    48   2   1  -1
 1846 atomic    48   2   1   0
 1847 atomic    48   2   1   1
 1848 atomic    48   3   1  -1
 1849 atomic    48   3   1   0
 1850 atomic    48   3   1   1
 1851 atomic    48   4   1  -1
 1852 atomic    48   4   1   0
 1853 atomic    48   4   1   1
 1854 atomic    48   5   1  -1
 1855 atomic    48   5   1   0
 1856 atomic    48   5   1   1
 1857 ionic     48   6   1  -1
 1858 ionic     48   6   1   0
 1859 ionic     48   6   1   1
 1860 atomic    48   3   2  -2
 1861 atomic    48   3   2  -1
 1862 atomic    48   3   2   0
 1863 atomic    48   3   2   1
 1864 atomic    48   3   2   2
 1865 atomic    48   4   2  -2
 1866 atomic    48   4   2  -1
 1867 atomic    48   4   2   0
 1868 atomic    48   4   2   1
 1869 atomic    48   4   2   2
 1870 atomic    48   5   2  -2
 1871 atomic    48   5   2  -1
 1872 atomic    48   5   2   0
 1873 atomic    48   5   2   1
 1874 atomic    48   5   2   2
 1875 hydro     48   3   2  -2
 1876 hydro     48   3   2  -1
 1877 hydro     48   3   2   0
 1878 hydro     48   3   2   1
 1879 hydro     48   3   2   2
 1880 atomic    48   4   3  -3
 1881 atomic    48   4   3  -2
 1882 atomic    48   4   3  -1
 1883 atomic    48   4   3   0
 1884 atomic    48   4   3   1
 1885 atomic    48   4   3   2
 1886 atomic    48   4   3   3
 1887 hydro     48   4   3  -3
 1888 hydro     48   4   3  -2
 1889 hydro     48   4   3  -1
 1890 hydro     48   4   3   0
 1891 hydro     48   4   3   1
 1892 hydro     48   4   3   2
 1893 hydro     48   4   3   3
 1894 atomic    49   1   0   0
 1895 atomic    49   2   0   0
 1896 atomic    49   3   0   0
 1897 atomic    49   4   0   0
 1898 atomic    49   5   0   0
 1899 ionic     49   6   0   0
 1900 atomic    49   6   0   0
 1901 atomic    49   2   1  -1
 1902 atomic    49   2   1   0
 1903 atomic    49   2   1   1
 1904 atomic    49   3   1  -1
 1905 atomic    49   3   1   0
 1906 atomic    49   3   1   1
 1907 atomic    49   4   1  -1
 1908 atomic    49   4   1   0
 1909 atomic    49   4   1   1
 1910 atomic    49   5   1  -1
 1911 atomic    49   5   1   0
 1912 atomic    49   5   1   1
 1913 ionic     49   6   1  -1
 1914 ionic     49   6   1   0
 1915 ionic     49   6   1   1
 1916 atomic    49   3   2  -2
 1917 atomic    49   3   2  -1
 1918 atomic    49   3   2   0
 1919 atomic    49   3   2   1
 1920 atomic    49   3   2   2
 1921 atomic    49   4   2  -2
 1922 atomic    49   4   2  -1
 1923 atomic    49   4   2   0
 1924 atomic    49   4   2   1
 1925 atomic    49   4   2   2
 1926 atomic    49   5   2  -2
 1927 atomic    49   5   2  -1
 1928 atomic    49   5   2   0
 1929 atomic    49   5   2   1
 1930 atomic    49   5   2   2
 1931 hydro     49   3   2  -2
 1932 hydro     49   3   2  -1
 1933 hydro     49   3   2   0
 1934 hydro     49   3   2   1
 1935 hydro     49   3   2   2
 1936 atomic    49   4   3  -3
 1937 atomic    49   4   3  -2
 1938 atomic    49   4   3  -1
 1939 atomic    49   4   3   0
 1940 atomic    49   4   3   1
 1941 atomic    49   4   3   2
 1942 atomic    49   4   3   3
 1943 hydro     49   4   3  -3
 1944 hydro     49   4   3  -2
 1945 hydro     49   4   3  -1
 1946 hydro     49   4   3   0
 1947 hydro     49   4   3   1
 1948 hydro     49   4   3   2
 1949 hydro     49   4   3   3
 1950 atomic    50   1   0   0
 1951 atomic    50   2   0   0
 1952 atomic    50   3   0   0
 1953 atomic    50   4   0   0
 1954 atomic    50   5   0   0
 1955 ionic     50   6   0   0
 1956 atomic    50   6   0   0
 1957 atomic    50   2   1  -1
 1958 atomic    50   2   1   0
 1959 atomic    50   2   1   1
 1960 atomic    50   3   1  -1
 1961 atomic    50   3   1   0
 1962 atomic    50   3   1   1
 1963 atomic    50   4   1  -1
 1964 atomic    50   4   1   0
 1965 atomic    50   4   1   1
 1966 atomic    50   5   1  -1
 1967 atomic    50   5   1   0
 1968 atomic    50   5   1   1
 1969 ionic     50   6   1  -1
 1970 ionic     50   6   1   0
 1971 ionic     50   6   1   1
 1972 atomic    50   3   2  -2
 1973 atomic    50   3   2  -1
 1974 atomic    50   3   2   0
 1975 atomic    50   3   2   1
 1976 atomic    50   3   2   2
 1977 atomic    50   4   2  -2
 1978 atomic    50   4   2  -1
 1979 atomic    50   4   2   0
 1980 atomic    50   4   2   1
 1981 atomic    50   4   2   2
 1982 atomic    50   5   2  -2
 1983 atomic    50   5   2  -1
 1984 atomic    50   5   2   0
 1985 atomic    50   5   2   1
 1986 atomic    50   5   2   2
 1987 hydro     50   3   2  -2
 1988 hydro     50   3   2  -1
 1989 hydro     50   3   2   0
 1990 hydro     50   3   2   1
 1991 hydro     50   3   2   2
 1992 atomic    50   4   3  -3
 1993 atomic    50   4   3  -2
 1994 atomic    50   4   3  -1
 1995 atomic    50   4   3   0
 1996 atomic    50   4   3   1
 1997 atomic    50   4   3   2
 1998 atomic    50   4   3   3
 1999 hydro     50   4   3  -3
 2000 hydro     50   4   3  -2
 2001 hydro     50   4   3  -1
 2002 hydro     50   4   3   0
 2003 hydro     50   4   3   1
 2004 hydro     50   4   3   2
 2005 hydro     50   4   3   3
 2006 atomic    51   1   0   0
 2007 atomic    51   2   0   0
 2008 atomic    51   3   0   0
 2009 atomic    51   4   0   0
 2010 atomic    51   5   0   0
 2011 ionic     51   6   0   0
 2012 atomic    51   6   0   0
 2013 atomic    51   2   1  -1
 2014 atomic    51   2   1   0
 2015 atomic    51   2   1   1
 2016 atomic    51   3   1  -1
 2017 atomic    51   3   1   0
 2018 atomic    51   3   1   1
 2019 atomic    51   4   1  -1
 2020 atomic    51   4   1   0
 2021 atomic    51   4   1   1
 2022 atomic    51   5   1  -1
 2023 atomic    51   5   1   0
 2024 atomic    51   5   1   1
 2025 ionic     51   6   1  -1
 2026 ionic     51   6   1   0
 2027 ionic     51   6   1   1
 2028 atomic    51   3   2  -2
 2029 atomic    51   3   2  -1
 2030 atomic    51   3   2   0
 2031 atomic    51   3   2   1
 2032 atomic    51   3   2   2
 2033 atomic    51   4   2  -2
 2034 atomic    51   4   2  -1
 2035 atomic    51   4   2   0
 2036 atomic    51   4   2   1
 2037 atomic    51   4   2   2
 2038 atomic    51   5   2  -2
 2039 atomic    51   5   2  -1
 2040 atomic    51   5   2   0
 2041 atomic    51   5   2   1
 2042 atomic    51   5   2   2
 2043 hydro     51   3   2  -2
 2044 hydro     51   3   2  -1
 2045 hydro     51   3   2   0
 2046 hydro     51   3   2   1
 2047 hydro     51   3   2   2
 2048 atomic    51   4   3  -3
 2049 atomic    51   4   3  -2
 2050 atomic    51   4   3  -1
 2051 atomic    51   4   3   0
 2052 atomic    51   4   3   1
 2053 atomic    51   4   3   2
 2054 atomic    51   4   3   3
 2055 hydro     51   4   3  -3
 2056 hydro     51   4   3  -2
 2057 hydro     51   4   3  -1
 2058 hydro     51   4   3   0
 2059 hydro     51   4   3   1
 2060 hydro     51   4   3   2
 2061 hydro     51   4   3   3
 2062 atomic    52   1   0   0
 2063 atomic    52   2   0   0
 2064 atomic    52   3   0   0
 2065 atomic    52   4   0   0
 2066 atomic    52   5   0   0
 2067 ionic     52   6   0   0
 2068 atomic    52   6   0   0
 2069 atomic    52   2   1  -1
 2070 atomic    52   2   1   0
 2071 atomic    52   2   1   1
 2072 atomic    52   3   1  -1
 2073 atomic    52   3   1   0
 2074 atomic    52   3   1   1
 2075 atomic    52   4   1  -1
 2076 atomic    52   4   1   0
 2077 atomic    52   4   1   1
 2078 atomic    52   5   1  -1
 2079 atomic    52   5   1   0
 2080 atomic    52   5   1   1
 2081 ionic     52   6   1  -1
 2082 ionic     52   6   1   0
 2083 ionic     52   6   1   1
 2084 atomic    52   3   2  -2
 2085 atomic    52   3   2  -1
 2086 atomic    52   3   2   0
 2087 atomic    52   3   2   1
 2088 atomic    52   3   2   2
 2089 atomic    52   4   2  -2
 2090 atomic    52   4   2  -1
 2091 atomic    52   4   2   0
 2092 atomic    52   4   2   1
 2093 atomic    52   4   2   2
 2094 atomic    52   5   2  -2
 2095 atomic    52   5   2  -1
 2096 atomic    52   5   2   0
 2097 atomic    52   5   2   1
 2098 atomic    52   5   2   2
 2099 hydro     52   3   2  -2
 2100 hydro     52   3   2  -1
 2101 hydro     52   3   2   0
 2102 hydro     52   3   2   1
 2103 hydro     52   3   2   2
 2104 atomic    52   4   3  -3
 2105 atomic    52   4   3  -2
 2106 atomic    52   4   3  -1
 2107 atomic    52   4   3   0
 2108 atomic    52   4   3   1
 2109 atomic    52   4   3   2
 2110 atomic    52   4   3   3
 2111 hydro     52   4   3  -3
 2112 hydro     52   4   3  -2
 2113 hydro     52   4   3  -1
 2114 hydro     52   4   3   0
 2115 hydro     52   4   3   1
 2116 hydro     52   4   3   2
 2117 hydro     52   4   3   3
 2118 atomic    53   1   0   0
 2119 atomic    53   2   0   0
 2120 atomic    53   3   0   0
 2121 atomic    53   4   0   0
 2122 atomic    53   5   0   0
 2123 ionic     53   6   0   0
 2124 atomic    53   6   0   0
 2125 atomic    53   2   1  -1
 2126 atomic    53   2   1   0
 2127 atomic    53   2   1   1
 2128 atomic    53   3   1  -1
 2129 atomic    53   3   1   0
 2130 atomic    53   3   1   1
 2131 atomic    53   4   1  -1
 2132 atomic    53   4   1   0
 2133 atomic    53   4   1   1
 2134 atomic    53   5   1  -1
 2135 atomic    53   5   1   0
 2136 atomic    53   5   1   1
 2137 ionic     53   6   1  -1
 2138 ionic     53   6   1   0
 2139 ionic     53   6   1   1
 2140 atomic    53   3   2  -2
 2141 atomic    53   3   2  -1
 2142 atomic    53   3   2   0
 2143 atomic    53   3   2   1
 2144 atomic    53   3   2   2
 2145 atomic    53   4   2  -2
 2146 atomic    53   4   2  -1
 2147 atomic    53   4   2   0
 2148 atomic    53   4   2   1
 2149 atomic    53   4   2   2
 2150 atomic    53   5   2  -2
 2151 atomic    53   5   2  -1
 2152 atomic    53   5   2   0
 2153 atomic    53   5   2   1
 2154 atomic    53   5   2   2
 2155 hydro     53   3   2  -2
 2156 hydro     53   3   2  -1
 2157 hydro     53   3   2   0
 2158 hydro     53   3   2   1
 2159 hydro     53   3   2   2
 2160 atomic    53   4   3  -3
 2161 atomic    53   4   3  -2
 2162 atomic    53   4   3  -1
 2163 atomic    53   4   3   0
 2164 atomic    53   4   3   1
 2165 atomic    53   4   3   2
 2166 atomic    53   4   3   3
 2167 hydro     53   4   3  -3
 2168 hydro     53   4   3  -2
 2169 hydro     53   4   3  -1
 2170 hydro     53   4   3   0
 2171 hydro     53   4   3   1
 2172 hydro     53   4   3   2
 2173 hydro     53   4   3   3
$end
